<?xml version="1.0" encoding="utf-8"?><testsuites name="pytest tests"><testsuite name="pytest" errors="0" failures="0" skipped="0" tests="8" time="7.763" timestamp="2026-03-12T19:31:58.307547+00:00" hostname="agent-env-a772334c-6047-45d2-8c31-c0bc6ba2a872"><testcase classname="tests.test_adflow_api.TestBasicEndpoints" name="test_root_endpoint" time="0.239" /><testcase classname="tests.test_adflow_api.TestBasicEndpoints" name="test_pc_status_endpoint" time="0.144" /><testcase classname="tests.test_adflow_api.TestHeartbeatEndpoint" name="test_heartbeat_post" time="0.113" /><testcase classname="tests.test_adflow_api.TestTestHistoryEndpoints" name="test_get_test_history" time="0.432" /><testcase classname="tests.test_adflow_api.TestTestHistoryEndpoints" name="test_annotate_history_entry" time="0.385" /><testcase classname="tests.test_adflow_api.TestWarmupEndpoint" name="test_warmup_endpoint" time="5.013" /><testcase classname="tests.test_adflow_api.TestLiveTestEndpoint" name="test_warmup_profile_test" time="1.119" /><testcase classname="tests.test_adflow_api.TestStatusEndpoint" name="test_create_and_get_status" time="0.257" /></testsuite></testsuites>