<?xml version="1.0" encoding="utf-8"?><testsuites name="pytest tests"><testsuite name="pytest" errors="0" failures="0" skipped="0" tests="13" time="8.948" timestamp="2026-03-23T22:42:44.374452+00:00" hostname="agent-env-a772334c-6047-45d2-8c31-c0bc6ba2a872"><testcase classname="backend.tests.test_sse_streaming.TestSSEStreaming" name="test_sse_endpoint_returns_stream" time="0.545" /><testcase classname="backend.tests.test_sse_streaming.TestSSEStreaming" name="test_sse_status_event_structure" time="0.216" /><testcase classname="backend.tests.test_sse_streaming.TestSSEStreaming" name="test_sse_complete_event_has_results" time="0.290" /><testcase classname="backend.tests.test_sse_streaming.TestSSEStreaming" name="test_sse_stats_event_structure" time="0.381" /><testcase classname="backend.tests.test_sse_streaming.TestTestHistory" name="test_get_test_history" time="0.138" /><testcase classname="backend.tests.test_sse_streaming.TestTestHistory" name="test_history_populated_after_sse_test" time="1.659" /><testcase classname="backend.tests.test_sse_streaming.TestOtherEndpoints" name="test_root_endpoint" time="0.113" /><testcase classname="backend.tests.test_sse_streaming.TestOtherEndpoints" name="test_heartbeat_endpoint" time="0.117" /><testcase classname="backend.tests.test_sse_streaming.TestOtherEndpoints" name="test_pc_status_endpoint" time="0.134" /><testcase classname="backend.tests.test_sse_streaming.TestOtherEndpoints" name="test_warmup_endpoint" time="4.766" /><testcase classname="backend.tests.test_sse_streaming.TestBulavaEndpoints" name="test_bulava_augment" time="0.143" /><testcase classname="backend.tests.test_sse_streaming.TestBulavaEndpoints" name="test_bulava_categories" time="0.145" /><testcase classname="backend.tests.test_sse_streaming.TestBulavaEndpoints" name="test_bulava_analytics" time="0.131" /></testsuite></testsuites>