<?xml version="1.0" encoding="utf-8"?><testsuites name="pytest tests"><testsuite name="pytest" errors="0" failures="0" skipped="0" tests="13" time="13.065" timestamp="2026-03-13T15:13:16.505138+00:00" hostname="agent-env-a772334c-6047-45d2-8c31-c0bc6ba2a872"><testcase classname="backend.tests.test_sse_streaming.TestSSEStreaming" name="test_sse_endpoint_returns_stream" time="1.892" /><testcase classname="backend.tests.test_sse_streaming.TestSSEStreaming" name="test_sse_status_event_structure" time="0.105" /><testcase classname="backend.tests.test_sse_streaming.TestSSEStreaming" name="test_sse_complete_event_has_results" time="1.014" /><testcase classname="backend.tests.test_sse_streaming.TestSSEStreaming" name="test_sse_stats_event_structure" time="1.112" /><testcase classname="backend.tests.test_sse_streaming.TestTestHistory" name="test_get_test_history" time="0.114" /><testcase classname="backend.tests.test_sse_streaming.TestTestHistory" name="test_history_populated_after_sse_test" time="2.376" /><testcase classname="backend.tests.test_sse_streaming.TestOtherEndpoints" name="test_root_endpoint" time="0.123" /><testcase classname="backend.tests.test_sse_streaming.TestOtherEndpoints" name="test_heartbeat_endpoint" time="0.128" /><testcase classname="backend.tests.test_sse_streaming.TestOtherEndpoints" name="test_pc_status_endpoint" time="0.379" /><testcase classname="backend.tests.test_sse_streaming.TestOtherEndpoints" name="test_warmup_endpoint" time="5.336" /><testcase classname="backend.tests.test_sse_streaming.TestBulavaEndpoints" name="test_bulava_augment" time="0.132" /><testcase classname="backend.tests.test_sse_streaming.TestBulavaEndpoints" name="test_bulava_categories" time="0.110" /><testcase classname="backend.tests.test_sse_streaming.TestBulavaEndpoints" name="test_bulava_analytics" time="0.146" /></testsuite></testsuites>