<?xml version="1.0" encoding="utf-8"?><testsuites name="pytest tests"><testsuite name="pytest" errors="0" failures="0" skipped="0" tests="13" time="9.150" timestamp="2026-03-24T00:06:16.441514+00:00" hostname="agent-env-a772334c-6047-45d2-8c31-c0bc6ba2a872"><testcase classname="backend.tests.test_sse_streaming.TestSSEStreaming" name="test_sse_endpoint_returns_stream" time="0.413" /><testcase classname="backend.tests.test_sse_streaming.TestSSEStreaming" name="test_sse_status_event_structure" time="0.229" /><testcase classname="backend.tests.test_sse_streaming.TestSSEStreaming" name="test_sse_complete_event_has_results" time="0.568" /><testcase classname="backend.tests.test_sse_streaming.TestSSEStreaming" name="test_sse_stats_event_structure" time="0.418" /><testcase classname="backend.tests.test_sse_streaming.TestTestHistory" name="test_get_test_history" time="0.129" /><testcase classname="backend.tests.test_sse_streaming.TestTestHistory" name="test_history_populated_after_sse_test" time="1.782" /><testcase classname="backend.tests.test_sse_streaming.TestOtherEndpoints" name="test_root_endpoint" time="0.109" /><testcase classname="backend.tests.test_sse_streaming.TestOtherEndpoints" name="test_heartbeat_endpoint" time="0.148" /><testcase classname="backend.tests.test_sse_streaming.TestOtherEndpoints" name="test_pc_status_endpoint" time="0.119" /><testcase classname="backend.tests.test_sse_streaming.TestOtherEndpoints" name="test_warmup_endpoint" time="4.756" /><testcase classname="backend.tests.test_sse_streaming.TestBulavaEndpoints" name="test_bulava_augment" time="0.159" /><testcase classname="backend.tests.test_sse_streaming.TestBulavaEndpoints" name="test_bulava_categories" time="0.140" /><testcase classname="backend.tests.test_sse_streaming.TestBulavaEndpoints" name="test_bulava_analytics" time="0.122" /></testsuite></testsuites>