<?xml version="1.0" encoding="utf-8"?><testsuites name="pytest tests"><testsuite name="pytest" errors="0" failures="0" skipped="0" tests="9" time="3.924" timestamp="2026-03-12T18:11:56.288591+00:00" hostname="agent-env-a772334c-6047-45d2-8c31-c0bc6ba2a872"><testcase classname="backend.tests.test_history_api.TestHealthAndBasicEndpoints" name="test_root_endpoint" time="0.274" /><testcase classname="backend.tests.test_history_api.TestHealthAndBasicEndpoints" name="test_pc_status_endpoint" time="0.121" /><testcase classname="backend.tests.test_history_api.TestHistoryAPI" name="test_get_test_history" time="0.135" /><testcase classname="backend.tests.test_history_api.TestHistoryAPI" name="test_history_entries_have_latency_breakdown" time="0.127" /><testcase classname="backend.tests.test_history_api.TestHistoryAPI" name="test_history_entries_have_bottleneck_analysis" time="0.165" /><testcase classname="backend.tests.test_history_api.TestRunTestAndHistory" name="test_run_warmup_test" time="0.968" /><testcase classname="backend.tests.test_history_api.TestRunTestAndHistory" name="test_test_run_saves_to_history" time="1.391" /><testcase classname="backend.tests.test_history_api.TestDeleteHistory" name="test_delete_single_history_entry" time="0.498" /><testcase classname="backend.tests.test_history_api.TestHeartbeatAPI" name="test_heartbeat_endpoint" time="0.115" /></testsuite></testsuites>