<?xml version="1.0" encoding="utf-8"?><testsuites name="pytest tests"><testsuite name="pytest" errors="0" failures="0" skipped="0" tests="10" time="2.800" timestamp="2026-03-13T02:14:46.236777+00:00" hostname="agent-env-a772334c-6047-45d2-8c31-c0bc6ba2a872"><testcase classname="backend.tests.test_bulava_api.TestBulavaAugmentEndpoint" name="test_augment_default" time="0.128" /><testcase classname="backend.tests.test_bulava_api.TestBulavaAugmentEndpoint" name="test_augment_with_type" time="0.118" /><testcase classname="backend.tests.test_bulava_api.TestBulavaAugmentEndpoint" name="test_augment_all_categories" time="1.012" /><testcase classname="backend.tests.test_bulava_api.TestBulavaAugmentEndpoint" name="test_augment_all_types" time="0.558" /><testcase classname="backend.tests.test_bulava_api.TestBulavaCategoriesEndpoint" name="test_get_categories" time="0.136" /><testcase classname="backend.tests.test_bulava_api.TestBulavaAnalyticsEndpoint" name="test_get_analytics" time="0.116" /><testcase classname="backend.tests.test_bulava_api.TestBulavaAnalyticsEndpoint" name="test_analytics_updates_after_augment" time="0.347" /><testcase classname="backend.tests.test_bulava_api.TestBulavaBatchDemoEndpoint" name="test_batch_demo_default" time="0.103" /><testcase classname="backend.tests.test_bulava_api.TestBulavaBatchDemoEndpoint" name="test_batch_demo_20_ads" time="0.128" /><testcase classname="backend.tests.test_bulava_api.TestBulavaBatchDemoEndpoint" name="test_batch_demo_max_limit" time="0.100" /></testsuite></testsuites>