<?xml version="1.0" encoding="utf-8"?><testsuites name="pytest tests"><testsuite name="pytest" errors="0" failures="0" skipped="0" tests="10" time="9.565" timestamp="2026-03-23T22:51:08.647785+00:00" hostname="agent-env-a772334c-6047-45d2-8c31-c0bc6ba2a872"><testcase classname="backend.tests.test_regression_alert.TestRegressionAlertFeature" name="test_sse_stream_returns_regression_alert_in_stats" time="0.886" /><testcase classname="backend.tests.test_regression_alert.TestRegressionAlertFeature" name="test_test_history_contains_regression_alert" time="0.188" /><testcase classname="backend.tests.test_regression_alert.TestOrjsonSerialization" name="test_sse_stream_messages_parse_correctly" time="0.475" /><testcase classname="backend.tests.test_regression_alert.TestOrjsonSerialization" name="test_warmup_endpoint_returns_valid_json" time="4.708" /><testcase classname="backend.tests.test_regression_alert.TestStartupOptimizations" name="test_backend_health_check" time="0.130" /><testcase classname="backend.tests.test_regression_alert.TestStartupOptimizations" name="test_heartbeat_endpoint" time="0.152" /><testcase classname="backend.tests.test_regression_alert.TestStartupOptimizations" name="test_pc_status_endpoint" time="0.452" /><testcase classname="backend.tests.test_regression_alert.TestAllProfilesWork" name="test_warmup_profile_works" time="0.344" /><testcase classname="backend.tests.test_regression_alert.TestAllProfilesWork" name="test_steady_profile_works" time="2.029" /><testcase classname="backend.tests.test_regression_alert.TestOptimizationJourneyCard" name="test_test_history_has_stats_for_comparison" time="0.127" /></testsuite></testsuites>