<?xml version="1.0" encoding="utf-8"?><testsuites name="pytest tests"><testsuite name="pytest" errors="0" failures="0" skipped="0" tests="16" time="10.657" timestamp="2026-03-12T19:51:07.307915+00:00" hostname="agent-env-a772334c-6047-45d2-8c31-c0bc6ba2a872"><testcase classname="test_bulava_api.TestBulavaAugmentEndpoint" name="test_augment_default" time="0.232" /><testcase classname="test_bulava_api.TestBulavaAugmentEndpoint" name="test_augment_with_type" time="0.157" /><testcase classname="test_bulava_api.TestBulavaAugmentEndpoint" name="test_augment_all_categories" time="1.258" /><testcase classname="test_bulava_api.TestBulavaAugmentEndpoint" name="test_augment_all_types" time="0.724" /><testcase classname="test_bulava_api.TestBulavaCategoriesEndpoint" name="test_get_categories" time="0.113" /><testcase classname="test_bulava_api.TestBulavaBatchDemoEndpoint" name="test_batch_demo_default" time="0.119" /><testcase classname="test_bulava_api.TestBulavaBatchDemoEndpoint" name="test_batch_demo_20_ads" time="0.154" /><testcase classname="test_bulava_api.TestBulavaBatchDemoEndpoint" name="test_batch_demo_max_limit" time="0.122" /><testcase classname="test_adflow_api.TestBasicEndpoints" name="test_root_endpoint" time="0.119" /><testcase classname="test_adflow_api.TestBasicEndpoints" name="test_pc_status_endpoint" time="0.136" /><testcase classname="test_adflow_api.TestHeartbeatEndpoint" name="test_heartbeat_post" time="0.120" /><testcase classname="test_adflow_api.TestTestHistoryEndpoints" name="test_get_test_history" time="0.486" /><testcase classname="test_adflow_api.TestTestHistoryEndpoints" name="test_annotate_history_entry" time="0.419" /><testcase classname="test_adflow_api.TestWarmupEndpoint" name="test_warmup_endpoint" time="5.050" /><testcase classname="test_adflow_api.TestLiveTestEndpoint" name="test_warmup_profile_test" time="1.166" /><testcase classname="test_adflow_api.TestStatusEndpoint" name="test_create_and_get_status" time="0.213" /></testsuite></testsuites>